[2026-02-27T11:48:17.969+0000] {taskinstance.py:1956} INFO - Dependencies all met for dep_context=non-requeueable deps ti=<TaskInstance: fred_dag.fetch_and_produce_fred scheduled__2026-02-27T10:00:00+00:00 [queued]>
[2026-02-27T11:48:17.979+0000] {taskinstance.py:1956} INFO - Dependencies all met for dep_context=requeueable deps ti=<TaskInstance: fred_dag.fetch_and_produce_fred scheduled__2026-02-27T10:00:00+00:00 [queued]>
[2026-02-27T11:48:17.980+0000] {taskinstance.py:2170} INFO - Starting attempt 1 of 1
[2026-02-27T11:48:18.005+0000] {taskinstance.py:2191} INFO - Executing <Task(PythonOperator): fetch_and_produce_fred> on 2026-02-27 10:00:00+00:00
[2026-02-27T11:48:18.013+0000] {standard_task_runner.py:60} INFO - Started process 224 to run task
[2026-02-27T11:48:18.017+0000] {standard_task_runner.py:87} INFO - Running: ['airflow', 'tasks', 'run', 'fred_dag', 'fetch_and_produce_fred', 'scheduled__2026-02-27T10:00:00+00:00', '--job-id', '3', '--raw', '--subdir', 'DAGS_FOLDER/fred_dag.py', '--cfg-path', '/tmp/tmpub31za9y']
[2026-02-27T11:48:18.021+0000] {standard_task_runner.py:88} INFO - Job 3: Subtask fetch_and_produce_fred
[2026-02-27T11:48:18.083+0000] {task_command.py:423} INFO - Running <TaskInstance: fred_dag.fetch_and_produce_fred scheduled__2026-02-27T10:00:00+00:00 [running]> on host 34ac5acd88ef
[2026-02-27T11:48:18.161+0000] {taskinstance.py:2480} INFO - Exporting env vars: AIRFLOW_CTX_DAG_OWNER='airflow' AIRFLOW_CTX_DAG_ID='fred_dag' AIRFLOW_CTX_TASK_ID='fetch_and_produce_fred' AIRFLOW_CTX_EXECUTION_DATE='2026-02-27T10:00:00+00:00' AIRFLOW_CTX_TRY_NUMBER='1' AIRFLOW_CTX_DAG_RUN_ID='scheduled__2026-02-27T10:00:00+00:00'
[2026-02-27T11:48:20.111+0000] {logging_mixin.py:188} INFO - ⚠ No data returned for GDP
[2026-02-27T11:48:20.503+0000] {logging_mixin.py:188} INFO - ⚠ No data returned for PCE
[2026-02-27T11:48:22.414+0000] {taskinstance.py:2698} ERROR - Task failed with exception
Traceback (most recent call last):
  File "/home/airflow/.local/lib/python3.8/site-packages/airflow/models/taskinstance.py", line 433, in _execute_task
    result = execute_callable(context=context, **execute_callable_kwargs)
  File "/home/airflow/.local/lib/python3.8/site-packages/airflow/operators/python.py", line 199, in execute
    return_value = self.execute_callable()
  File "/home/airflow/.local/lib/python3.8/site-packages/airflow/operators/python.py", line 216, in execute_callable
    return self.python_callable(*self.op_args, **self.op_kwargs)
  File "/opt/airflow/dags/fred_dag.py", line 14, in run_fred_task
    fred_test.run_and_produce()  # nouvelle fonction dans fred_test.py
  File "/opt/airflow/dags/fred_test.py", line 69, in run_and_produce
    producer.produce(topic, json.dumps(row.to_dict()))
  File "/usr/local/lib/python3.8/json/__init__.py", line 231, in dumps
    return _default_encoder.encode(obj)
  File "/usr/local/lib/python3.8/json/encoder.py", line 199, in encode
    chunks = self.iterencode(o, _one_shot=True)
  File "/usr/local/lib/python3.8/json/encoder.py", line 257, in iterencode
    return _iterencode(o, 0)
  File "/usr/local/lib/python3.8/json/encoder.py", line 179, in default
    raise TypeError(f'Object of type {o.__class__.__name__} '
TypeError: Object of type Timestamp is not JSON serializable
[2026-02-27T11:48:22.444+0000] {taskinstance.py:1138} INFO - Marking task as FAILED. dag_id=fred_dag, task_id=fetch_and_produce_fred, execution_date=20260227T100000, start_date=20260227T114817, end_date=20260227T114822
[2026-02-27T11:48:22.470+0000] {standard_task_runner.py:107} ERROR - Failed to execute job 3 for task fetch_and_produce_fred (Object of type Timestamp is not JSON serializable; 224)
[2026-02-27T11:48:22.487+0000] {local_task_job_runner.py:234} INFO - Task exited with return code 1
[2026-02-27T11:48:22.503+0000] {taskinstance.py:3280} INFO - 0 downstream tasks scheduled from follow-on schedule check
